<?xml version="1.0" encoding="UTF-8"?>
<!-- Generated by org.testng.reporters.JUnitReportReporter -->
<testsuite hostname="cdc2-l-f55gzg2" failures="0" tests="2" name="tests.login.TC01_RegisterUserTest" time="8.863" errors="0" timestamp="2025-09-24T13:28:19 IST" skipped="1">
  <testcase classname="tests.login.TC01_RegisterUserTest" name="RegisterUser" time="8.863"/>
  <testcase classname="tests.login.TC01_RegisterUserTest" name="DeleteAccount">
    <skipped/>
  </testcase> <!-- DeleteAccount -->
</testsuite> <!-- tests.login.TC01_RegisterUserTest -->
