<?xml version="1.0" encoding="UTF-8"?>
<!-- Generated by org.testng.reporters.JUnitReportReporter -->
<testsuite hostname="cdc2-l-f55gzg2" failures="0" tests="1" name="tests.login.TC03_LoginInvalidTest" time="1.820" errors="0" timestamp="2025-10-10T15:06:02 IST" skipped="0">
  <testcase classname="tests.login.TC03_LoginInvalidTest" name="InvalidAccountLogin" time="1.820"/>
</testsuite> <!-- tests.login.TC03_LoginInvalidTest -->
