<?xml version="1.0" encoding="UTF-8"?>
<!-- Generated by org.testng.reporters.JUnitReportReporter -->
<testsuite hostname="cdc2-l-f55gzg2" failures="0" tests="1" name="tests.login.TC05_RegisterExistingEmailTest" time="3.122" errors="0" timestamp="2025-09-24T16:13:01 IST" skipped="0">
  <testcase classname="tests.login.TC05_RegisterExistingEmailTest" name="RegisterUser" time="3.122"/>
</testsuite> <!-- tests.login.TC05_RegisterExistingEmailTest -->
