<?xml version="1.0" encoding="UTF-8"?>
<!-- Generated by org.testng.reporters.JUnitReportReporter -->
<testsuite hostname="cdc2-l-f55gzg2" failures="0" tests="1" name="tests.login.TC02_LoginValidTest" time="7.582" errors="0" timestamp="2025-09-24T15:57:23 IST" skipped="0">
  <testcase classname="tests.login.TC02_LoginValidTest" name="AccountLogin" time="7.582"/>
</testsuite> <!-- tests.login.TC02_LoginValidTest -->
