<?xml version="1.0" encoding="UTF-8"?>
<!-- Generated by org.testng.reporters.JUnitReportReporter -->
<testsuite hostname="cdc2-l-f55gzg2" failures="0" tests="1" name="tests.products.TC09_SearchProductTest" time="8.022" errors="0" timestamp="2025-10-13T12:42:48 IST" skipped="0">
  <testcase classname="tests.products.TC09_SearchProductTest" name="SearchProduct" time="8.022"/>
</testsuite> <!-- tests.products.TC09_SearchProductTest -->
