<?xml version="1.0" encoding="UTF-8"?>
<!-- Generated by org.testng.reporters.JUnitReportReporter -->
<testsuite hostname="cdc2-l-f55gzg2" failures="0" tests="1" name="tests.products.TC08_AllProductsTest" time="27.730" errors="0" timestamp="2025-10-10T15:06:02 IST" skipped="0">
  <testcase classname="tests.products.TC08_AllProductsTest" name="Products" time="27.730"/>
</testsuite> <!-- tests.products.TC08_AllProductsTest -->
