<?xml version="1.0" encoding="UTF-8"?>
<!-- Generated by org.testng.reporters.JUnitReportReporter -->
<testsuite hostname="cdc2-l-f55gzg2" failures="0" tests="1" name="tests.contact.TC06_ContactUsTest" time="10.282" errors="0" timestamp="2025-10-10T15:06:02 IST" skipped="0">
  <testcase classname="tests.contact.TC06_ContactUsTest" name="ContactUsForm" time="10.282"/>
</testsuite> <!-- tests.contact.TC06_ContactUsTest -->
