<?xml version="1.0" encoding="UTF-8"?>
<!-- Generated by org.testng.reporters.JUnitReportReporter -->
<testsuite hostname="cdc2-l-f55gzg2" failures="0" tests="1" name="tests.login.TC01_RegisterUserTest" time="16.385" errors="0" timestamp="2025-09-23T18:54:40 IST" skipped="0">
  <testcase classname="tests.login.TC01_RegisterUserTest" name="SignupLogin" time="16.385"/>
</testsuite> <!-- tests.login.TC01_RegisterUserTest -->
